<?xml version="1.0" encoding="UTF-8"?>
<!-- Generated by org.testng.reporters.JUnitXMLReporter -->
<testsuite hostname="DESKTOP-F5BRIJ9" ignored="4" name="Default test" tests="1" failures="0" timestamp="2022-12-12T12:46:17 IST" time="16.961" errors="0">
  <testcase name="toVerifyThatAlertIsAccepted" time="6.245" classname="com.test.UserTest"/>
  <testcase name="toVerifyThatTenDigitMobileNumberUser" time="0.0" classname="com.test.UserTest">
    <ignored/>
  </testcase> <!-- toVerifyThatTenDigitMobileNumberUser -->
  <testcase name="toVerifyThatOddmanGenderUser" time="0.0" classname="com.test.UserTest">
    <ignored/>
  </testcase> <!-- toVerifyThatOddmanGenderUser -->
  <testcase name="toVerifyThatMaharashtaStateUser" time="0.0" classname="com.test.UserTest">
    <ignored/>
  </testcase> <!-- toVerifyThatMaharashtaStateUser -->
  <testcase name="toVerifyThatBackgroundColorOfAddUser" time="0.0" classname="com.test.UserTest">
    <ignored/>
  </testcase> <!-- toVerifyThatBackgroundColorOfAddUser -->
</testsuite> <!-- Default test -->
