<?xml version="1.0" encoding="UTF-8"?>
<!-- Generated by org.testng.reporters.JUnitXMLReporter -->
<testsuite hostname="DESKTOP-F5BRIJ9" ignored="4" name="Default test" tests="1" failures="0" timestamp="2022-12-08T12:32:08 IST" time="9.023" errors="0">
  <testcase name="toVerifyThatCountOfToolColumnElement" time="0.05" classname="com.test.DownloadsTest"/>
  <testcase name="toVerifyThatCountOfTableRowNumber" time="0.0" classname="com.test.DownloadsTest">
    <ignored/>
  </testcase> <!-- toVerifyThatCountOfTableRowNumber -->
  <testcase name="toVerifyThatVendorContainsElementJDK" time="0.0" classname="com.test.DownloadsTest">
    <ignored/>
  </testcase> <!-- toVerifyThatVendorContainsElementJDK -->
  <testcase name="toVerifyThatCountOfTableElement" time="0.0" classname="com.test.DownloadsTest">
    <ignored/>
  </testcase> <!-- toVerifyThatCountOfTableElement -->
  <testcase name="toVerifyThatDriverSwitchToStandaloneJar" time="0.0" classname="com.test.DownloadsTest">
    <ignored/>
  </testcase> <!-- toVerifyThatDriverSwitchToStandaloneJar -->
</testsuite> <!-- Default test -->
