<?xml version="1.0" encoding="UTF-8"?>
<testng-results skipped="0" failed="0" ignored="4" total="5" passed="1">
  <reporter-output>
  </reporter-output>
  <suite name="Default suite" duration-ms="16961" started-at="2022-12-12T12:46:00 IST" finished-at="2022-12-12T12:46:17 IST">
    <groups>
    </groups>
    <test name="Default test" duration-ms="16961" started-at="2022-12-12T12:46:00 IST" finished-at="2022-12-12T12:46:17 IST">
      <class name="com.test.UserTest">
        <test-method status="PASS" signature="beforeMethod()[pri:0, instance:com.test.UserTest@5bcea91b]" name="beforeMethod" is-config="true" duration-ms="5850" started-at="2022-12-12T12:46:00 IST" finished-at="2022-12-12T12:46:06 IST">
          <reporter-output>
          </reporter-output>
        </test-method> <!-- beforeMethod -->
        <test-method status="PASS" signature="toVerifyThatAlertIsAccepted()[pri:3, instance:com.test.UserTest@5bcea91b]" name="toVerifyThatAlertIsAccepted" duration-ms="6245" started-at="2022-12-12T12:46:06 IST" finished-at="2022-12-12T12:46:13 IST">
          <reporter-output>
          </reporter-output>
        </test-method> <!-- toVerifyThatAlertIsAccepted -->
        <test-method status="PASS" signature="afterMethod()[pri:0, instance:com.test.UserTest@5bcea91b]" name="afterMethod" is-config="true" duration-ms="4408" started-at="2022-12-12T12:46:13 IST" finished-at="2022-12-12T12:46:17 IST">
          <reporter-output>
          </reporter-output>
        </test-method> <!-- afterMethod -->
      </class> <!-- com.test.UserTest -->
    </test> <!-- Default test -->
  </suite> <!-- Default suite -->
</testng-results>
