<?xml version="1.0" encoding="UTF-8"?>
<testng-results skipped="0" failed="0" ignored="0" total="34" passed="34">
  <reporter-output>
  </reporter-output>
  <suite name="Suite" duration-ms="469142" started-at="2022-12-08T13:10:16 IST" finished-at="2022-12-08T13:18:05 IST">
    <groups>
    </groups>
    <test name="Test" duration-ms="469142" started-at="2022-12-08T13:10:16 IST" finished-at="2022-12-08T13:18:05 IST">
      <class name="com.test.OperatorsTest">
        <test-method status="PASS" signature="beforeMethod()[pri:0, instance:com.test.OperatorsTest@5d11346a]" name="beforeMethod" is-config="true" duration-ms="2545" started-at="2022-12-08T13:13:20 IST" finished-at="2022-12-08T13:13:23 IST">
          <reporter-output>
          </reporter-output>
        </test-method> <!-- beforeMethod -->
        <test-method status="PASS" signature="toVerifyThatAllHeaders()[pri:1, instance:com.test.OperatorsTest@5d11346a]" name="toVerifyThatAllHeaders" duration-ms="213" started-at="2022-12-08T13:13:23 IST" finished-at="2022-12-08T13:13:23 IST">
          <reporter-output>
          </reporter-output>
        </test-method> <!-- toVerifyThatAllHeaders -->
        <test-method status="PASS" signature="afterMethod()[pri:0, instance:com.test.OperatorsTest@5d11346a]" name="afterMethod" is-config="true" duration-ms="4402" started-at="2022-12-08T13:13:23 IST" finished-at="2022-12-08T13:13:27 IST">
          <reporter-output>
          </reporter-output>
        </test-method> <!-- afterMethod -->
        <test-method status="PASS" signature="beforeMethod()[pri:0, instance:com.test.OperatorsTest@5d11346a]" name="beforeMethod" is-config="true" duration-ms="2742" started-at="2022-12-08T13:13:27 IST" finished-at="2022-12-08T13:13:30 IST">
          <reporter-output>
          </reporter-output>
        </test-method> <!-- beforeMethod -->
        <test-method status="PASS" signature="toVerifyThatCountOfTableData()[pri:2, instance:com.test.OperatorsTest@5d11346a]" name="toVerifyThatCountOfTableData" duration-ms="39" started-at="2022-12-08T13:13:30 IST" finished-at="2022-12-08T13:13:30 IST">
          <reporter-output>
          </reporter-output>
        </test-method> <!-- toVerifyThatCountOfTableData -->
        <test-method status="PASS" signature="afterMethod()[pri:0, instance:com.test.OperatorsTest@5d11346a]" name="afterMethod" is-config="true" duration-ms="4380" started-at="2022-12-08T13:13:30 IST" finished-at="2022-12-08T13:13:34 IST">
          <reporter-output>
          </reporter-output>
        </test-method> <!-- afterMethod -->
        <test-method status="PASS" signature="beforeMethod()[pri:0, instance:com.test.OperatorsTest@5d11346a]" name="beforeMethod" is-config="true" duration-ms="2714" started-at="2022-12-08T13:13:34 IST" finished-at="2022-12-08T13:13:37 IST">
          <reporter-output>
          </reporter-output>
        </test-method> <!-- beforeMethod -->
        <test-method status="PASS" signature="toVerifyThatTableContainingElement()[pri:3, instance:com.test.OperatorsTest@5d11346a]" name="toVerifyThatTableContainingElement" duration-ms="404" started-at="2022-12-08T13:13:37 IST" finished-at="2022-12-08T13:13:38 IST">
          <reporter-output>
          </reporter-output>
        </test-method> <!-- toVerifyThatTableContainingElement -->
        <test-method status="PASS" signature="afterMethod()[pri:0, instance:com.test.OperatorsTest@5d11346a]" name="afterMethod" is-config="true" duration-ms="4294" started-at="2022-12-08T13:13:38 IST" finished-at="2022-12-08T13:13:42 IST">
          <reporter-output>
          </reporter-output>
        </test-method> <!-- afterMethod -->
        <test-method status="PASS" signature="beforeMethod()[pri:0, instance:com.test.OperatorsTest@5d11346a]" name="beforeMethod" is-config="true" duration-ms="2820" started-at="2022-12-08T13:13:42 IST" finished-at="2022-12-08T13:13:45 IST">
          <reporter-output>
          </reporter-output>
        </test-method> <!-- beforeMethod -->
        <test-method status="PASS" signature="toVerifyThatWhatsAppUserOnly()[pri:4, instance:com.test.OperatorsTest@5d11346a]" name="toVerifyThatWhatsAppUserOnly" duration-ms="146" started-at="2022-12-08T13:13:45 IST" finished-at="2022-12-08T13:13:45 IST">
          <reporter-output>
          </reporter-output>
        </test-method> <!-- toVerifyThatWhatsAppUserOnly -->
        <test-method status="PASS" signature="afterMethod()[pri:0, instance:com.test.OperatorsTest@5d11346a]" name="afterMethod" is-config="true" duration-ms="20549" started-at="2022-12-08T13:13:45 IST" finished-at="2022-12-08T13:14:05 IST">
          <reporter-output>
          </reporter-output>
        </test-method> <!-- afterMethod -->
        <test-method status="PASS" signature="beforeMethod()[pri:0, instance:com.test.OperatorsTest@5d11346a]" name="beforeMethod" is-config="true" duration-ms="2726" started-at="2022-12-08T13:14:05 IST" finished-at="2022-12-08T13:14:08 IST">
          <reporter-output>
          </reporter-output>
        </test-method> <!-- beforeMethod -->
        <test-method status="PASS" signature="toVerifyThatTechnicalPersonName()[pri:5, instance:com.test.OperatorsTest@5d11346a]" name="toVerifyThatTechnicalPersonName" duration-ms="136" started-at="2022-12-08T13:14:08 IST" finished-at="2022-12-08T13:14:08 IST">
          <reporter-output>
          </reporter-output>
        </test-method> <!-- toVerifyThatTechnicalPersonName -->
        <test-method status="PASS" signature="afterMethod()[pri:0, instance:com.test.OperatorsTest@5d11346a]" name="afterMethod" is-config="true" duration-ms="4345" started-at="2022-12-08T13:14:08 IST" finished-at="2022-12-08T13:14:13 IST">
          <reporter-output>
          </reporter-output>
        </test-method> <!-- afterMethod -->
      </class> <!-- com.test.OperatorsTest -->
      <class name="com.test.DownloadsTest">
        <test-method status="PASS" signature="beforeMethod()[pri:0, instance:com.test.DownloadsTest@17211155]" name="beforeMethod" is-config="true" duration-ms="2896" started-at="2022-12-08T13:15:06 IST" finished-at="2022-12-08T13:15:09 IST">
          <reporter-output>
          </reporter-output>
        </test-method> <!-- beforeMethod -->
        <test-method status="PASS" signature="toVerifyThatCountOfTableElement()[pri:1, instance:com.test.DownloadsTest@17211155]" name="toVerifyThatCountOfTableElement" duration-ms="33" started-at="2022-12-08T13:15:09 IST" finished-at="2022-12-08T13:15:09 IST">
          <reporter-output>
          </reporter-output>
        </test-method> <!-- toVerifyThatCountOfTableElement -->
        <test-method status="PASS" signature="afterMethod()[pri:0, instance:com.test.DownloadsTest@17211155]" name="afterMethod" is-config="true" duration-ms="20485" started-at="2022-12-08T13:15:09 IST" finished-at="2022-12-08T13:15:30 IST">
          <reporter-output>
          </reporter-output>
        </test-method> <!-- afterMethod -->
        <test-method status="PASS" signature="beforeMethod()[pri:0, instance:com.test.DownloadsTest@17211155]" name="beforeMethod" is-config="true" duration-ms="2886" started-at="2022-12-08T13:15:30 IST" finished-at="2022-12-08T13:15:33 IST">
          <reporter-output>
          </reporter-output>
        </test-method> <!-- beforeMethod -->
        <test-method status="PASS" signature="toVerifyThatCountOfTableRowNumber()[pri:2, instance:com.test.DownloadsTest@17211155]" name="toVerifyThatCountOfTableRowNumber" duration-ms="29" started-at="2022-12-08T13:15:33 IST" finished-at="2022-12-08T13:15:33 IST">
          <reporter-output>
          </reporter-output>
        </test-method> <!-- toVerifyThatCountOfTableRowNumber -->
        <test-method status="PASS" signature="afterMethod()[pri:0, instance:com.test.DownloadsTest@17211155]" name="afterMethod" is-config="true" duration-ms="4382" started-at="2022-12-08T13:15:33 IST" finished-at="2022-12-08T13:15:37 IST">
          <reporter-output>
          </reporter-output>
        </test-method> <!-- afterMethod -->
        <test-method status="PASS" signature="beforeMethod()[pri:0, instance:com.test.DownloadsTest@17211155]" name="beforeMethod" is-config="true" duration-ms="2704" started-at="2022-12-08T13:15:37 IST" finished-at="2022-12-08T13:15:40 IST">
          <reporter-output>
          </reporter-output>
        </test-method> <!-- beforeMethod -->
        <test-method status="PASS" signature="toVerifyThatVendorContainsElementJDK()[pri:3, instance:com.test.DownloadsTest@17211155]" name="toVerifyThatVendorContainsElementJDK" duration-ms="54" started-at="2022-12-08T13:15:40 IST" finished-at="2022-12-08T13:15:40 IST">
          <reporter-output>
          </reporter-output>
        </test-method> <!-- toVerifyThatVendorContainsElementJDK -->
        <test-method status="PASS" signature="afterMethod()[pri:0, instance:com.test.DownloadsTest@17211155]" name="afterMethod" is-config="true" duration-ms="20599" started-at="2022-12-08T13:15:40 IST" finished-at="2022-12-08T13:16:00 IST">
          <reporter-output>
          </reporter-output>
        </test-method> <!-- afterMethod -->
        <test-method status="PASS" signature="beforeMethod()[pri:0, instance:com.test.DownloadsTest@17211155]" name="beforeMethod" is-config="true" duration-ms="2932" started-at="2022-12-08T13:16:00 IST" finished-at="2022-12-08T13:16:03 IST">
          <reporter-output>
          </reporter-output>
        </test-method> <!-- beforeMethod -->
        <test-method status="PASS" signature="toVerifyThatDriverSwitchToStandaloneJar()[pri:4, instance:com.test.DownloadsTest@17211155]" name="toVerifyThatDriverSwitchToStandaloneJar" duration-ms="2194" started-at="2022-12-08T13:16:03 IST" finished-at="2022-12-08T13:16:06 IST">
          <reporter-output>
          </reporter-output>
        </test-method> <!-- toVerifyThatDriverSwitchToStandaloneJar -->
        <test-method status="PASS" signature="afterMethod()[pri:0, instance:com.test.DownloadsTest@17211155]" name="afterMethod" is-config="true" duration-ms="20427" started-at="2022-12-08T13:16:06 IST" finished-at="2022-12-08T13:16:26 IST">
          <reporter-output>
          </reporter-output>
        </test-method> <!-- afterMethod -->
        <test-method status="PASS" signature="beforeMethod()[pri:0, instance:com.test.DownloadsTest@17211155]" name="beforeMethod" is-config="true" duration-ms="2606" started-at="2022-12-08T13:16:26 IST" finished-at="2022-12-08T13:16:29 IST">
          <reporter-output>
          </reporter-output>
        </test-method> <!-- beforeMethod -->
        <test-method status="PASS" signature="toVerifyThatCountOfToolColumnElement()[pri:5, instance:com.test.DownloadsTest@17211155]" name="toVerifyThatCountOfToolColumnElement" duration-ms="27" started-at="2022-12-08T13:16:29 IST" finished-at="2022-12-08T13:16:29 IST">
          <reporter-output>
          </reporter-output>
        </test-method> <!-- toVerifyThatCountOfToolColumnElement -->
        <test-method status="PASS" signature="afterMethod()[pri:0, instance:com.test.DownloadsTest@17211155]" name="afterMethod" is-config="true" duration-ms="4408" started-at="2022-12-08T13:16:29 IST" finished-at="2022-12-08T13:16:33 IST">
          <reporter-output>
          </reporter-output>
        </test-method> <!-- afterMethod -->
      </class> <!-- com.test.DownloadsTest -->
      <class name="com.test.UsefulLinksTest">
        <test-method status="PASS" signature="beforeMethod()[pri:0, instance:com.test.UsefulLinksTest@7a36aefa]" name="beforeMethod" is-config="true" duration-ms="2681" started-at="2022-12-08T13:14:13 IST" finished-at="2022-12-08T13:14:15 IST">
          <reporter-output>
          </reporter-output>
        </test-method> <!-- beforeMethod -->
        <test-method status="PASS" signature="toVerifyThatAllContentsElementDisplay()[pri:1, instance:com.test.UsefulLinksTest@7a36aefa]" name="toVerifyThatAllContentsElementDisplay" duration-ms="146" started-at="2022-12-08T13:14:15 IST" finished-at="2022-12-08T13:14:15 IST">
          <reporter-output>
          </reporter-output>
        </test-method> <!-- toVerifyThatAllContentsElementDisplay -->
        <test-method status="PASS" signature="afterMethod()[pri:0, instance:com.test.UsefulLinksTest@7a36aefa]" name="afterMethod" is-config="true" duration-ms="4524" started-at="2022-12-08T13:14:15 IST" finished-at="2022-12-08T13:14:20 IST">
          <reporter-output>
          </reporter-output>
        </test-method> <!-- afterMethod -->
        <test-method status="PASS" signature="beforeMethod()[pri:0, instance:com.test.UsefulLinksTest@7a36aefa]" name="beforeMethod" is-config="true" duration-ms="2422" started-at="2022-12-08T13:14:20 IST" finished-at="2022-12-08T13:14:22 IST">
          <reporter-output>
          </reporter-output>
        </test-method> <!-- beforeMethod -->
        <test-method status="PASS" signature="toVerifyThatWholeTableElementDisplay()[pri:2, instance:com.test.UsefulLinksTest@7a36aefa]" name="toVerifyThatWholeTableElementDisplay" duration-ms="329" started-at="2022-12-08T13:14:22 IST" finished-at="2022-12-08T13:14:23 IST">
          <reporter-output>
          </reporter-output>
        </test-method> <!-- toVerifyThatWholeTableElementDisplay -->
        <test-method status="PASS" signature="afterMethod()[pri:0, instance:com.test.UsefulLinksTest@7a36aefa]" name="afterMethod" is-config="true" duration-ms="4422" started-at="2022-12-08T13:14:23 IST" finished-at="2022-12-08T13:14:27 IST">
          <reporter-output>
          </reporter-output>
        </test-method> <!-- afterMethod -->
        <test-method status="PASS" signature="beforeMethod()[pri:0, instance:com.test.UsefulLinksTest@7a36aefa]" name="beforeMethod" is-config="true" duration-ms="2493" started-at="2022-12-08T13:14:27 IST" finished-at="2022-12-08T13:14:30 IST">
          <reporter-output>
          </reporter-output>
        </test-method> <!-- beforeMethod -->
        <test-method status="PASS" signature="toVerifyThatDriverSwitchToScheduleLink()[pri:3, instance:com.test.UsefulLinksTest@7a36aefa]" name="toVerifyThatDriverSwitchToScheduleLink" duration-ms="2138" started-at="2022-12-08T13:14:30 IST" finished-at="2022-12-08T13:14:32 IST">
          <reporter-output>
          </reporter-output>
        </test-method> <!-- toVerifyThatDriverSwitchToScheduleLink -->
        <test-method status="PASS" signature="afterMethod()[pri:0, instance:com.test.UsefulLinksTest@7a36aefa]" name="afterMethod" is-config="true" duration-ms="4291" started-at="2022-12-08T13:14:32 IST" finished-at="2022-12-08T13:14:36 IST">
          <reporter-output>
          </reporter-output>
        </test-method> <!-- afterMethod -->
        <test-method status="PASS" signature="beforeMethod()[pri:0, instance:com.test.UsefulLinksTest@7a36aefa]" name="beforeMethod" is-config="true" duration-ms="2576" started-at="2022-12-08T13:14:36 IST" finished-at="2022-12-08T13:14:39 IST">
          <reporter-output>
          </reporter-output>
        </test-method> <!-- beforeMethod -->
        <test-method status="PASS" signature="toVerifyThatCountOfTableElement()[pri:4, instance:com.test.UsefulLinksTest@7a36aefa]" name="toVerifyThatCountOfTableElement" duration-ms="35" started-at="2022-12-08T13:14:39 IST" finished-at="2022-12-08T13:14:39 IST">
          <reporter-output>
          </reporter-output>
        </test-method> <!-- toVerifyThatCountOfTableElement -->
        <test-method status="PASS" signature="afterMethod()[pri:0, instance:com.test.UsefulLinksTest@7a36aefa]" name="afterMethod" is-config="true" duration-ms="4482" started-at="2022-12-08T13:14:39 IST" finished-at="2022-12-08T13:14:43 IST">
          <reporter-output>
          </reporter-output>
        </test-method> <!-- afterMethod -->
        <test-method status="PASS" signature="beforeMethod()[pri:0, instance:com.test.UsefulLinksTest@7a36aefa]" name="beforeMethod" is-config="true" duration-ms="2649" started-at="2022-12-08T13:14:43 IST" finished-at="2022-12-08T13:14:46 IST">
          <reporter-output>
          </reporter-output>
        </test-method> <!-- beforeMethod -->
        <test-method status="PASS" signature="toVerifyThatToCheckOutSpellingOfInternetRequired()[pri:5, instance:com.test.UsefulLinksTest@7a36aefa]" name="toVerifyThatToCheckOutSpellingOfInternetRequired" duration-ms="53" started-at="2022-12-08T13:14:46 IST" finished-at="2022-12-08T13:14:46 IST">
          <reporter-output>
          </reporter-output>
        </test-method> <!-- toVerifyThatToCheckOutSpellingOfInternetRequired -->
        <test-method status="PASS" signature="afterMethod()[pri:0, instance:com.test.UsefulLinksTest@7a36aefa]" name="afterMethod" is-config="true" duration-ms="20508" started-at="2022-12-08T13:14:46 IST" finished-at="2022-12-08T13:15:06 IST">
          <reporter-output>
          </reporter-output>
        </test-method> <!-- afterMethod -->
      </class> <!-- com.test.UsefulLinksTest -->
      <class name="com.test.DashboardTest">
        <test-method status="PASS" signature="beforeMethod()[pri:0, instance:com.test.DashboardTest@376b4233]" name="beforeMethod" is-config="true" duration-ms="2455" started-at="2022-12-08T13:10:59 IST" finished-at="2022-12-08T13:11:01 IST">
          <reporter-output>
          </reporter-output>
        </test-method> <!-- beforeMethod -->
        <test-method status="PASS" signature="verifyThatAllCources()[pri:1, instance:com.test.DashboardTest@376b4233]" name="verifyThatAllCources" duration-ms="131" started-at="2022-12-08T13:11:01 IST" finished-at="2022-12-08T13:11:01 IST">
          <reporter-output>
          </reporter-output>
        </test-method> <!-- verifyThatAllCources -->
        <test-method status="PASS" signature="afterMethod()[pri:0, instance:com.test.DashboardTest@376b4233]" name="afterMethod" is-config="true" duration-ms="20450" started-at="2022-12-08T13:11:01 IST" finished-at="2022-12-08T13:11:22 IST">
          <reporter-output>
          </reporter-output>
        </test-method> <!-- afterMethod -->
        <test-method status="PASS" signature="beforeMethod()[pri:0, instance:com.test.DashboardTest@376b4233]" name="beforeMethod" is-config="true" duration-ms="2649" started-at="2022-12-08T13:11:22 IST" finished-at="2022-12-08T13:11:24 IST">
          <reporter-output>
          </reporter-output>
        </test-method> <!-- beforeMethod -->
        <test-method status="PASS" signature="verifyThatAllCourcesDetails()[pri:2, instance:com.test.DashboardTest@376b4233]" name="verifyThatAllCourcesDetails" duration-ms="161" started-at="2022-12-08T13:11:24 IST" finished-at="2022-12-08T13:11:25 IST">
          <reporter-output>
          </reporter-output>
        </test-method> <!-- verifyThatAllCourcesDetails -->
        <test-method status="PASS" signature="afterMethod()[pri:0, instance:com.test.DashboardTest@376b4233]" name="afterMethod" is-config="true" duration-ms="4621" started-at="2022-12-08T13:11:25 IST" finished-at="2022-12-08T13:11:29 IST">
          <reporter-output>
          </reporter-output>
        </test-method> <!-- afterMethod -->
        <test-method status="PASS" signature="beforeMethod()[pri:0, instance:com.test.DashboardTest@376b4233]" name="beforeMethod" is-config="true" duration-ms="2374" started-at="2022-12-08T13:11:29 IST" finished-at="2022-12-08T13:11:32 IST">
          <reporter-output>
          </reporter-output>
        </test-method> <!-- beforeMethod -->
        <test-method status="PASS" signature="verifyThatPythonMoreInformation()[pri:3, instance:com.test.DashboardTest@376b4233]" name="verifyThatPythonMoreInformation" duration-ms="382" started-at="2022-12-08T13:11:32 IST" finished-at="2022-12-08T13:11:32 IST">
          <reporter-output>
          </reporter-output>
        </test-method> <!-- verifyThatPythonMoreInformation -->
        <test-method status="PASS" signature="afterMethod()[pri:0, instance:com.test.DashboardTest@376b4233]" name="afterMethod" is-config="true" duration-ms="20488" started-at="2022-12-08T13:11:32 IST" finished-at="2022-12-08T13:11:52 IST">
          <reporter-output>
          </reporter-output>
        </test-method> <!-- afterMethod -->
        <test-method status="PASS" signature="beforeMethod()[pri:0, instance:com.test.DashboardTest@376b4233]" name="beforeMethod" is-config="true" duration-ms="2288" started-at="2022-12-08T13:11:52 IST" finished-at="2022-12-08T13:11:55 IST">
          <reporter-output>
          </reporter-output>
        </test-method> <!-- beforeMethod -->
        <test-method status="PASS" signature="verifyThatAquaBoxContainsAutomationCourse()[pri:4, instance:com.test.DashboardTest@376b4233]" name="verifyThatAquaBoxContainsAutomationCourse" duration-ms="69" started-at="2022-12-08T13:11:55 IST" finished-at="2022-12-08T13:11:55 IST">
          <reporter-output>
          </reporter-output>
        </test-method> <!-- verifyThatAquaBoxContainsAutomationCourse -->
        <test-method status="PASS" signature="afterMethod()[pri:0, instance:com.test.DashboardTest@376b4233]" name="afterMethod" is-config="true" duration-ms="20444" started-at="2022-12-08T13:11:55 IST" finished-at="2022-12-08T13:12:15 IST">
          <reporter-output>
          </reporter-output>
        </test-method> <!-- afterMethod -->
        <test-method status="PASS" signature="beforeMethod()[pri:0, instance:com.test.DashboardTest@376b4233]" name="beforeMethod" is-config="true" duration-ms="2410" started-at="2022-12-08T13:12:15 IST" finished-at="2022-12-08T13:12:18 IST">
          <reporter-output>
          </reporter-output>
        </test-method> <!-- beforeMethod -->
        <test-method status="PASS" signature="verifyThatColoroOfGreenBox()[pri:5, instance:com.test.DashboardTest@376b4233]" name="verifyThatColoroOfGreenBox" duration-ms="59" started-at="2022-12-08T13:12:18 IST" finished-at="2022-12-08T13:12:18 IST">
          <reporter-output>
          </reporter-output>
        </test-method> <!-- verifyThatColoroOfGreenBox -->
        <test-method status="PASS" signature="afterMethod()[pri:0, instance:com.test.DashboardTest@376b4233]" name="afterMethod" is-config="true" duration-ms="20449" started-at="2022-12-08T13:12:18 IST" finished-at="2022-12-08T13:12:38 IST">
          <reporter-output>
          </reporter-output>
        </test-method> <!-- afterMethod -->
      </class> <!-- com.test.DashboardTest -->
      <class name="com.test.LogoutTest">
        <test-method status="PASS" signature="beforeMethod()[pri:0, instance:com.test.LogoutTest@b3d7190]" name="beforeMethod" is-config="true" duration-ms="2381" started-at="2022-12-08T13:16:33 IST" finished-at="2022-12-08T13:16:35 IST">
          <reporter-output>
          </reporter-output>
        </test-method> <!-- beforeMethod -->
        <test-method status="PASS" signature="toVerifyTheFooter()[pri:1, instance:com.test.LogoutTest@b3d7190]" name="toVerifyTheFooter" duration-ms="2242" started-at="2022-12-08T13:16:35 IST" finished-at="2022-12-08T13:16:38 IST">
          <reporter-output>
          </reporter-output>
        </test-method> <!-- toVerifyTheFooter -->
        <test-method status="PASS" signature="afterMethod()[pri:0, instance:com.test.LogoutTest@b3d7190]" name="afterMethod" is-config="true" duration-ms="18288" started-at="2022-12-08T13:16:38 IST" finished-at="2022-12-08T13:16:56 IST">
          <reporter-output>
          </reporter-output>
        </test-method> <!-- afterMethod -->
        <test-method status="PASS" signature="beforeMethod()[pri:0, instance:com.test.LogoutTest@b3d7190]" name="beforeMethod" is-config="true" duration-ms="2256" started-at="2022-12-08T13:16:56 IST" finished-at="2022-12-08T13:16:58 IST">
          <reporter-output>
          </reporter-output>
        </test-method> <!-- beforeMethod -->
        <test-method status="PASS" signature="toVerifyTheHeader()[pri:2, instance:com.test.LogoutTest@b3d7190]" name="toVerifyTheHeader" duration-ms="2298" started-at="2022-12-08T13:16:58 IST" finished-at="2022-12-08T13:17:00 IST">
          <reporter-output>
          </reporter-output>
        </test-method> <!-- toVerifyTheHeader -->
        <test-method status="PASS" signature="afterMethod()[pri:0, instance:com.test.LogoutTest@b3d7190]" name="afterMethod" is-config="true" duration-ms="18289" started-at="2022-12-08T13:17:00 IST" finished-at="2022-12-08T13:17:19 IST">
          <reporter-output>
          </reporter-output>
        </test-method> <!-- afterMethod -->
        <test-method status="PASS" signature="beforeMethod()[pri:0, instance:com.test.LogoutTest@b3d7190]" name="beforeMethod" is-config="true" duration-ms="2748" started-at="2022-12-08T13:17:19 IST" finished-at="2022-12-08T13:17:21 IST">
          <reporter-output>
          </reporter-output>
        </test-method> <!-- beforeMethod -->
        <test-method status="PASS" signature="toVerifyTheSpellOfKiranIsOnline()[pri:3, instance:com.test.LogoutTest@b3d7190]" name="toVerifyTheSpellOfKiranIsOnline" duration-ms="2334" started-at="2022-12-08T13:17:21 IST" finished-at="2022-12-08T13:17:24 IST">
          <reporter-output>
          </reporter-output>
        </test-method> <!-- toVerifyTheSpellOfKiranIsOnline -->
        <test-method status="PASS" signature="afterMethod()[pri:0, instance:com.test.LogoutTest@b3d7190]" name="afterMethod" is-config="true" duration-ms="18280" started-at="2022-12-08T13:17:24 IST" finished-at="2022-12-08T13:17:42 IST">
          <reporter-output>
          </reporter-output>
        </test-method> <!-- afterMethod -->
        <test-method status="PASS" signature="beforeMethod()[pri:0, instance:com.test.LogoutTest@b3d7190]" name="beforeMethod" is-config="true" duration-ms="2286" started-at="2022-12-08T13:17:42 IST" finished-at="2022-12-08T13:17:44 IST">
          <reporter-output>
          </reporter-output>
        </test-method> <!-- beforeMethod -->
        <test-method status="PASS" signature="toVerifyTheSpellOfMainNavigation()[pri:4, instance:com.test.LogoutTest@b3d7190]" name="toVerifyTheSpellOfMainNavigation" duration-ms="2273" started-at="2022-12-08T13:17:44 IST" finished-at="2022-12-08T13:17:47 IST">
          <reporter-output>
          </reporter-output>
        </test-method> <!-- toVerifyTheSpellOfMainNavigation -->
        <test-method status="PASS" signature="afterMethod()[pri:0, instance:com.test.LogoutTest@b3d7190]" name="afterMethod" is-config="true" duration-ms="18293" started-at="2022-12-08T13:17:47 IST" finished-at="2022-12-08T13:18:05 IST">
          <reporter-output>
          </reporter-output>
        </test-method> <!-- afterMethod -->
      </class> <!-- com.test.LogoutTest -->
      <class name="com.test.UserTest">
        <test-method status="PASS" signature="beforeMethod()[pri:0, instance:com.test.UserTest@2fd66ad3]" name="beforeMethod" is-config="true" duration-ms="2619" started-at="2022-12-08T13:12:38 IST" finished-at="2022-12-08T13:12:41 IST">
          <reporter-output>
          </reporter-output>
        </test-method> <!-- beforeMethod -->
        <test-method status="PASS" signature="toVerifyThatMaharashtaStateUser()[pri:1, instance:com.test.UserTest@2fd66ad3]" name="toVerifyThatMaharashtaStateUser" duration-ms="68" started-at="2022-12-08T13:12:41 IST" finished-at="2022-12-08T13:12:41 IST">
          <reporter-output>
          </reporter-output>
        </test-method> <!-- toVerifyThatMaharashtaStateUser -->
        <test-method status="PASS" signature="afterMethod()[pri:0, instance:com.test.UserTest@2fd66ad3]" name="afterMethod" is-config="true" duration-ms="4316" started-at="2022-12-08T13:12:41 IST" finished-at="2022-12-08T13:12:45 IST">
          <reporter-output>
          </reporter-output>
        </test-method> <!-- afterMethod -->
        <test-method status="PASS" signature="beforeMethod()[pri:0, instance:com.test.UserTest@2fd66ad3]" name="beforeMethod" is-config="true" duration-ms="2666" started-at="2022-12-08T13:12:45 IST" finished-at="2022-12-08T13:12:48 IST">
          <reporter-output>
          </reporter-output>
        </test-method> <!-- beforeMethod -->
        <test-method status="PASS" signature="toVerifyThatOddmanGenderUser()[pri:2, instance:com.test.UserTest@2fd66ad3]" name="toVerifyThatOddmanGenderUser" duration-ms="139" started-at="2022-12-08T13:12:48 IST" finished-at="2022-12-08T13:12:48 IST">
          <reporter-output>
          </reporter-output>
        </test-method> <!-- toVerifyThatOddmanGenderUser -->
        <test-method status="PASS" signature="afterMethod()[pri:0, instance:com.test.UserTest@2fd66ad3]" name="afterMethod" is-config="true" duration-ms="4357" started-at="2022-12-08T13:12:48 IST" finished-at="2022-12-08T13:12:52 IST">
          <reporter-output>
          </reporter-output>
        </test-method> <!-- afterMethod -->
        <test-method status="PASS" signature="beforeMethod()[pri:0, instance:com.test.UserTest@2fd66ad3]" name="beforeMethod" is-config="true" duration-ms="2715" started-at="2022-12-08T13:12:52 IST" finished-at="2022-12-08T13:12:55 IST">
          <reporter-output>
          </reporter-output>
        </test-method> <!-- beforeMethod -->
        <test-method status="PASS" signature="toVerifyThatAlertIsAccepted()[pri:3, instance:com.test.UserTest@2fd66ad3]" name="toVerifyThatAlertIsAccepted" duration-ms="6237" started-at="2022-12-08T13:12:55 IST" finished-at="2022-12-08T13:13:01 IST">
          <reporter-output>
          </reporter-output>
        </test-method> <!-- toVerifyThatAlertIsAccepted -->
        <test-method status="PASS" signature="afterMethod()[pri:0, instance:com.test.UserTest@2fd66ad3]" name="afterMethod" is-config="true" duration-ms="4321" started-at="2022-12-08T13:13:01 IST" finished-at="2022-12-08T13:13:06 IST">
          <reporter-output>
          </reporter-output>
        </test-method> <!-- afterMethod -->
        <test-method status="PASS" signature="beforeMethod()[pri:0, instance:com.test.UserTest@2fd66ad3]" name="beforeMethod" is-config="true" duration-ms="2661" started-at="2022-12-08T13:13:06 IST" finished-at="2022-12-08T13:13:08 IST">
          <reporter-output>
          </reporter-output>
        </test-method> <!-- beforeMethod -->
        <test-method status="PASS" signature="toVerifyThatTenDigitMobileNumberUser()[pri:4, instance:com.test.UserTest@2fd66ad3]" name="toVerifyThatTenDigitMobileNumberUser" duration-ms="150" started-at="2022-12-08T13:13:08 IST" finished-at="2022-12-08T13:13:08 IST">
          <reporter-output>
          </reporter-output>
        </test-method> <!-- toVerifyThatTenDigitMobileNumberUser -->
        <test-method status="PASS" signature="afterMethod()[pri:0, instance:com.test.UserTest@2fd66ad3]" name="afterMethod" is-config="true" duration-ms="4478" started-at="2022-12-08T13:13:08 IST" finished-at="2022-12-08T13:13:13 IST">
          <reporter-output>
          </reporter-output>
        </test-method> <!-- afterMethod -->
        <test-method status="PASS" signature="beforeMethod()[pri:0, instance:com.test.UserTest@2fd66ad3]" name="beforeMethod" is-config="true" duration-ms="2727" started-at="2022-12-08T13:13:13 IST" finished-at="2022-12-08T13:13:16 IST">
          <reporter-output>
          </reporter-output>
        </test-method> <!-- beforeMethod -->
        <test-method status="PASS" signature="toVerifyThatBackgroundColorOfAddUser()[pri:5, instance:com.test.UserTest@2fd66ad3]" name="toVerifyThatBackgroundColorOfAddUser" duration-ms="32" started-at="2022-12-08T13:13:16 IST" finished-at="2022-12-08T13:13:16 IST">
          <reporter-output>
          </reporter-output>
        </test-method> <!-- toVerifyThatBackgroundColorOfAddUser -->
        <test-method status="PASS" signature="afterMethod()[pri:0, instance:com.test.UserTest@2fd66ad3]" name="afterMethod" is-config="true" duration-ms="4428" started-at="2022-12-08T13:13:16 IST" finished-at="2022-12-08T13:13:20 IST">
          <reporter-output>
          </reporter-output>
        </test-method> <!-- afterMethod -->
      </class> <!-- com.test.UserTest -->
      <class name="com.test.LoginTest">
        <test-method status="PASS" signature="beforeMethod()[pri:0, instance:com.test.LoginTest@42607a4f]" name="beforeMethod" is-config="true" duration-ms="2769" started-at="2022-12-08T13:10:16 IST" finished-at="2022-12-08T13:10:19 IST">
          <reporter-output>
          </reporter-output>
        </test-method> <!-- beforeMethod -->
        <test-method status="PASS" signature="verifyTheLogingWithValidCredentials()[pri:1, instance:com.test.LoginTest@42607a4f]" name="verifyTheLogingWithValidCredentials" duration-ms="3403" started-at="2022-12-08T13:10:19 IST" finished-at="2022-12-08T13:10:22 IST">
          <reporter-output>
          </reporter-output>
        </test-method> <!-- verifyTheLogingWithValidCredentials -->
        <test-method status="PASS" signature="afterMethod()[pri:0, instance:com.test.LoginTest@42607a4f]" name="afterMethod" is-config="true" duration-ms="18303" started-at="2022-12-08T13:10:22 IST" finished-at="2022-12-08T13:10:41 IST">
          <reporter-output>
          </reporter-output>
        </test-method> <!-- afterMethod -->
        <test-method status="PASS" signature="beforeMethod()[pri:0, instance:com.test.LoginTest@42607a4f]" name="beforeMethod" is-config="true" duration-ms="1882" started-at="2022-12-08T13:10:41 IST" finished-at="2022-12-08T13:10:42 IST">
          <reporter-output>
          </reporter-output>
        </test-method> <!-- beforeMethod -->
        <test-method status="PASS" signature="verifyTheLogingWithInValidEmailCredentials()[pri:2, instance:com.test.LoginTest@42607a4f]" name="verifyTheLogingWithInValidEmailCredentials" duration-ms="672" started-at="2022-12-08T13:10:42 IST" finished-at="2022-12-08T13:10:43 IST">
          <reporter-output>
          </reporter-output>
        </test-method> <!-- verifyTheLogingWithInValidEmailCredentials -->
        <test-method status="PASS" signature="afterMethod()[pri:0, instance:com.test.LoginTest@42607a4f]" name="afterMethod" is-config="true" duration-ms="2146" started-at="2022-12-08T13:10:43 IST" finished-at="2022-12-08T13:10:45 IST">
          <reporter-output>
          </reporter-output>
        </test-method> <!-- afterMethod -->
        <test-method status="PASS" signature="beforeMethod()[pri:0, instance:com.test.LoginTest@42607a4f]" name="beforeMethod" is-config="true" duration-ms="1793" started-at="2022-12-08T13:10:45 IST" finished-at="2022-12-08T13:10:47 IST">
          <reporter-output>
          </reporter-output>
        </test-method> <!-- beforeMethod -->
        <test-method status="PASS" signature="verifyTheLogingWithInValidPasswordCredentials()[pri:3, instance:com.test.LoginTest@42607a4f]" name="verifyTheLogingWithInValidPasswordCredentials" duration-ms="497" started-at="2022-12-08T13:10:47 IST" finished-at="2022-12-08T13:10:48 IST">
          <reporter-output>
          </reporter-output>
        </test-method> <!-- verifyTheLogingWithInValidPasswordCredentials -->
        <test-method status="PASS" signature="afterMethod()[pri:0, instance:com.test.LoginTest@42607a4f]" name="afterMethod" is-config="true" duration-ms="2158" started-at="2022-12-08T13:10:48 IST" finished-at="2022-12-08T13:10:50 IST">
          <reporter-output>
          </reporter-output>
        </test-method> <!-- afterMethod -->
        <test-method status="PASS" signature="beforeMethod()[pri:0, instance:com.test.LoginTest@42607a4f]" name="beforeMethod" is-config="true" duration-ms="1803" started-at="2022-12-08T13:10:50 IST" finished-at="2022-12-08T13:10:52 IST">
          <reporter-output>
          </reporter-output>
        </test-method> <!-- beforeMethod -->
        <test-method status="PASS" signature="verifyTheLogingWithInValidCredentials()[pri:4, instance:com.test.LoginTest@42607a4f]" name="verifyTheLogingWithInValidCredentials" duration-ms="558" started-at="2022-12-08T13:10:52 IST" finished-at="2022-12-08T13:10:52 IST">
          <reporter-output>
          </reporter-output>
        </test-method> <!-- verifyTheLogingWithInValidCredentials -->
        <test-method status="PASS" signature="afterMethod()[pri:0, instance:com.test.LoginTest@42607a4f]" name="afterMethod" is-config="true" duration-ms="2163" started-at="2022-12-08T13:10:52 IST" finished-at="2022-12-08T13:10:54 IST">
          <reporter-output>
          </reporter-output>
        </test-method> <!-- afterMethod -->
        <test-method status="PASS" signature="beforeMethod()[pri:0, instance:com.test.LoginTest@42607a4f]" name="beforeMethod" is-config="true" duration-ms="1753" started-at="2022-12-08T13:10:54 IST" finished-at="2022-12-08T13:10:56 IST">
          <reporter-output>
          </reporter-output>
        </test-method> <!-- beforeMethod -->
        <test-method status="PASS" signature="verifyTheLogingWithBlankCredentials()[pri:5, instance:com.test.LoginTest@42607a4f]" name="verifyTheLogingWithBlankCredentials" duration-ms="511" started-at="2022-12-08T13:10:56 IST" finished-at="2022-12-08T13:10:57 IST">
          <reporter-output>
          </reporter-output>
        </test-method> <!-- verifyTheLogingWithBlankCredentials -->
        <test-method status="PASS" signature="afterMethod()[pri:0, instance:com.test.LoginTest@42607a4f]" name="afterMethod" is-config="true" duration-ms="2165" started-at="2022-12-08T13:10:57 IST" finished-at="2022-12-08T13:10:59 IST">
          <reporter-output>
          </reporter-output>
        </test-method> <!-- afterMethod -->
      </class> <!-- com.test.LoginTest -->
    </test> <!-- Test -->
  </suite> <!-- Suite -->
</testng-results>
