<?xml version="1.0" encoding="UTF-8"?>
<!-- Generated by org.testng.reporters.JUnitXMLReporter -->
<testsuite hostname="DESKTOP-F5BRIJ9" ignored="0" name="Test" tests="34" failures="0" timestamp="2022-12-08T13:18:05 IST" time="469.142" errors="0">
  <testcase name="verifyTheLogingWithValidCredentials" time="3.403" classname="com.test.LoginTest"/>
  <testcase name="verifyTheLogingWithInValidEmailCredentials" time="0.672" classname="com.test.LoginTest"/>
  <testcase name="verifyTheLogingWithInValidPasswordCredentials" time="0.497" classname="com.test.LoginTest"/>
  <testcase name="verifyTheLogingWithInValidCredentials" time="0.558" classname="com.test.LoginTest"/>
  <testcase name="verifyTheLogingWithBlankCredentials" time="0.511" classname="com.test.LoginTest"/>
  <testcase name="verifyThatAllCources" time="0.131" classname="com.test.DashboardTest"/>
  <testcase name="verifyThatAllCourcesDetails" time="0.161" classname="com.test.DashboardTest"/>
  <testcase name="verifyThatPythonMoreInformation" time="0.382" classname="com.test.DashboardTest"/>
  <testcase name="verifyThatAquaBoxContainsAutomationCourse" time="0.069" classname="com.test.DashboardTest"/>
  <testcase name="verifyThatColoroOfGreenBox" time="0.059" classname="com.test.DashboardTest"/>
  <testcase name="toVerifyThatMaharashtaStateUser" time="0.068" classname="com.test.UserTest"/>
  <testcase name="toVerifyThatOddmanGenderUser" time="0.139" classname="com.test.UserTest"/>
  <testcase name="toVerifyThatAlertIsAccepted" time="6.237" classname="com.test.UserTest"/>
  <testcase name="toVerifyThatTenDigitMobileNumberUser" time="0.15" classname="com.test.UserTest"/>
  <testcase name="toVerifyThatBackgroundColorOfAddUser" time="0.032" classname="com.test.UserTest"/>
  <testcase name="toVerifyThatAllHeaders" time="0.213" classname="com.test.OperatorsTest"/>
  <testcase name="toVerifyThatCountOfTableData" time="0.039" classname="com.test.OperatorsTest"/>
  <testcase name="toVerifyThatTableContainingElement" time="0.404" classname="com.test.OperatorsTest"/>
  <testcase name="toVerifyThatWhatsAppUserOnly" time="0.146" classname="com.test.OperatorsTest"/>
  <testcase name="toVerifyThatTechnicalPersonName" time="0.136" classname="com.test.OperatorsTest"/>
  <testcase name="toVerifyThatAllContentsElementDisplay" time="0.146" classname="com.test.UsefulLinksTest"/>
  <testcase name="toVerifyThatWholeTableElementDisplay" time="0.329" classname="com.test.UsefulLinksTest"/>
  <testcase name="toVerifyThatDriverSwitchToScheduleLink" time="2.138" classname="com.test.UsefulLinksTest"/>
  <testcase name="toVerifyThatCountOfTableElement" time="0.035" classname="com.test.UsefulLinksTest"/>
  <testcase name="toVerifyThatToCheckOutSpellingOfInternetRequired" time="0.053" classname="com.test.UsefulLinksTest"/>
  <testcase name="toVerifyThatCountOfTableElement" time="0.033" classname="com.test.DownloadsTest"/>
  <testcase name="toVerifyThatCountOfTableRowNumber" time="0.029" classname="com.test.DownloadsTest"/>
  <testcase name="toVerifyThatVendorContainsElementJDK" time="0.054" classname="com.test.DownloadsTest"/>
  <testcase name="toVerifyThatDriverSwitchToStandaloneJar" time="2.194" classname="com.test.DownloadsTest"/>
  <testcase name="toVerifyThatCountOfToolColumnElement" time="0.027" classname="com.test.DownloadsTest"/>
  <testcase name="toVerifyTheFooter" time="2.242" classname="com.test.LogoutTest"/>
  <testcase name="toVerifyTheHeader" time="2.298" classname="com.test.LogoutTest"/>
  <testcase name="toVerifyTheSpellOfKiranIsOnline" time="2.334" classname="com.test.LogoutTest"/>
  <testcase name="toVerifyTheSpellOfMainNavigation" time="2.273" classname="com.test.LogoutTest"/>
</testsuite> <!-- Test -->
